Check rewrite


 (23:59:38) nected: 
 (23:59:38) ) Client connected: Connection: /127.0.0.1: 10072
 (23:59:43) ) Ывыв: выф
 (23:59:44) ) Ывыв: вфыв
 (23:59:45) ) Ывыв: авы
 (23:59:46) ) Ывыв: выава
 (00:06:26) Client connected: 
 (00:06:26)  (00:06:25) Client connected: Connection: /127.0.0.1: 10137
 (00:06:33)  (00:06:33) ываыв: выав
 (00:06:34)  (00:06:34) ываыв: ываыв
 (00:06:34)  (00:06:34) ываыв: выаыв
 (00:08:25) Client connected: 
 (00:08:25)  (00:08:25) Client connected: Connection: /127.0.0.1: 10157
 (00:08:32)  (00:08:32) Ваааау: ываы
 (00:08:33)  (00:08:33) Ваааау: ыва
 (00:08:34)  (00:08:34) Ваааау: выаыыва
 (00:08:35)  (00:08:35) Ваааау: ываыва
 (00:12:03) Client connected: 
 (00:12:03)  (00:12:03) Client connected: Connection: /127.0.0.1: 10192
 (00:12:09)  (00:12:09) ааааааааааааааа: фывыф
 (00:12:10)  (00:12:10) ааааааааааааааа: выфвывф
 (00:12:12)  (00:12:12) ааааааааааааааа: фывфывыфв
 (00:14:52) Connection exception: java.net.ConnectException: Connection refused: connect
 (00:15:07) Client connected: 
 (00:15:07)  (00:15:07) Client connected: Connection: /127.0.0.1: 10236
 (00:15:18)  (00:15:18) Победный: Да
 (00:15:19)  (00:15:19) Победный: ыфв
 (00:15:20)  (00:15:20) Победный: аваывапвы
 (00:16:35) Client connected: 
 (00:16:35)  (00:16:35) Client connected: Connection: /127.0.0.1: 10251
 (00:16:45)  (00:16:45) ДаааНеее: ыфвыа
 (00:16:46)  (00:16:46) ДаааНеее: выаываы
 (00:16:47)  (00:16:47) ДаааНеее: ываываавыаыв
 (00:20:18) Client connected: 
